+ isSpaceOpen=true
+ source /opt/uas/Occupancy/ocs.cfg
++ OCS_PID_FILE_PATH=/var/run/ocs.pid
++ OCS_PID_WEBSERVER_PATH=/var/run/ocs_webserver.pid
++ OCS_DELAY=10
++ OCS_LOGFILE=/opt/uas/Occupancy/occupancy.log
++ OCS_AXISCAMERA_IP=10.0.1.4
++ OCS_BRIGHTNESS_THRESHOLD=500
++ OCS_UAS_URL=unallocatedspace.org
++ OCS_UAS_USER=uspace
++ OCS_UAS_PASS=pg6DvoYRz9z69VWQcVD9wZG8
++ OCS_UAS_STATUS_FILE=unallocatedspace.org/status
++ OCS_UAS_WALL_FILE=unallocatedspace.org/thewall/thewall.jpg
++ OCS_UAS_WALL_ARCHIVE_FILEPATH=unallocatedspace.org/thewall/archive
++ OCS_OVERRIDE_LSUSB_VALUE=0781:5530
++ OCS_OVERRIDE_FILE=/opt/uas/Occupancy/www/status.txt
++ OCS_TMP_LIGHT=/tmp/ocs.jpg
++ OCS_TMP_STATUS=/tmp/status
++ OCS_TMP_WALL=/tmp/thewall.jpg
++ OCS_WAV_CLOSED_COMMAND=/opt/ocs/nowclosed.wav
++ OCS_WAV_OPEN_COMMAND=/opt/ocs/nowopen.wav
++ OCS_IRC_IP=10.0.0.5
++ OCS_IRC_PORT=9999
++ OCS_IRC_SERVICE=Occupancy
++ OCS_IRC_KEY=1s2d3fq
++ OCS_CHECKIN_SCRIPT=/opt/uas/Checkin/checkin.py
++ OCS_CHECKIN_FILE=/opt/uas/Checkin/ciusers
+ set -euo pipefail
+ log 'starting main'
++ date '+%Y-%m-%d %T'
+ echo '[2018-10-12 21:38:48]: starting main'
+ main
+ trap cleanUp SIGHUP SIGINT SIGTERM
+ log 'STARTING ocs_new.sh'
++ date '+%Y-%m-%d %T'
+ echo '[2018-10-12 21:38:48]: STARTING ocs_new.sh'
+ true
+ openTheSpace
++ date '+%m/%d %H:%M'
+ echo 'The space is currently open (Updated: 10/12 21:38)'
+ pushStatusToWebsite
+ log 'Call to pushStatusToWebsite'
++ date '+%Y-%m-%d %T'
+ echo '[2018-10-12 21:38:48]: Call to pushStatusToWebsite'
+ ftp -n unallocatedspace.org
Passive mode on.
++ cat /tmp/status
+ python /opt/uas/statustweet/statustweet.py 'The space is currently open (Updated: 10/12 21:38) #Unallocated'
